>>>TEST_IGNORE_LINE:\[it.pinf.org.mozilla.web-ext\]<<<
  extension:
   'TeStLoCaLiZeD/.~rt/github.com~pinf-to~to.pinf.org.mozilla.web-ext/extension.built',
  browserConsole: true,
  firefoxVersion: 'firefox',
  verbose: true,
  routes:
   { '^/': { '@it.pinf.org.mochajs#s1': [Object] },
     '/scripts/devtools/index.js': { '@it.pinf.org.mochajs#s1': [Object] } },
  expect: { exit: true, conditions: [ [Object] ] },
Adding route: /^\//
Adding route: /scripts/devtools/index.js
>>>TEST_IGNORE_LINE:"(start|end|duration)": (".*Z"|[\d]+),?s*$<<<
<RESULTS>
{
    "devtools": {
        "suites": 3,
        "tests": 1,
        "passes": 1,
        "pending": 0,
        "failures": 0,
    },
    "page": {
        "suites": 3,
        "tests": 1,
        "passes": 1,
        "pending": 0,
        "failures": 0,
    }
}
</RESULTS>
OK
